<?xml version="1.0" encoding="UTF-8"?>
<!-- Generated by org.testng.reporters.JUnitXMLReporter -->
<testsuite ignored="0" hostname="LAPTOP-J9BJJDIO" failures="0" tests="7" name="Test" time="30.592" errors="0" timestamp="2022-08-04T14:31:43 IST">
  <testcase classname="testCases.ParallelExecution" name="test1" time="5.231"/>
  <testcase classname="testCases.HowToHandleAlert" name="handleAlerts" time="7.147"/>
  <testcase classname="testCases.ParallelExecution" name="test2" time="4.535"/>
  <testcase classname="testCases.ParallelExecution" name="test3" time="4.07"/>
  <testcase classname="testCases.ParallelExecution" name="test4" time="4.549"/>
  <testcase classname="testCases.ParallelExecution" name="test5" time="5.169"/>
  <testcase classname="testCases.ParallelExecution" name="test6" time="6.977"/>
</testsuite> <!-- Test -->
