<?xml version="1.0" encoding="UTF-8"?>
<!-- Generated by org.testng.reporters.JUnitXMLReporter -->
<testsuite ignored="0" hostname="LAPTOP-J9BJJDIO" failures="0" tests="4" name="Test2" time="0.071" errors="0" timestamp="2022-07-26T11:44:57 IST">
  <testcase classname="testCases.TestCasesWithGroupParameterization" name="test1" time="0.014"/>
  <testcase classname="testCases.TestCasesWithGroupParameterization" name="test2" time="0.003"/>
  <testcase classname="testCases.TestCasesWithGroupParameterization" name="test3" time="0.002"/>
  <testcase classname="testCases.TestCasesWithGroupParameterization" name="test4" time="0.001"/>
</testsuite> <!-- Test2 -->
