<?xml version="1.0" encoding="UTF-8"?>
<!-- Generated by org.testng.reporters.JUnitXMLReporter -->
<testsuite ignored="0" hostname="LAPTOP-J9BJJDIO" failures="0" tests="6" name="Test" time="12.565" errors="0" timestamp="2022-08-04T14:23:37 IST">
  <testcase classname="testCases.ParallelExecution" name="test3" time="9.134"/>
  <testcase classname="testCases.ParallelExecution" name="test2" time="9.368"/>
  <testcase classname="testCases.ParallelExecution" name="test1" time="9.865"/>
  <testcase classname="testCases.ParallelExecution" name="test5" time="10.762"/>
  <testcase classname="testCases.ParallelExecution" name="test4" time="10.947"/>
  <testcase classname="testCases.ParallelExecution" name="test6" time="12.522"/>
</testsuite> <!-- Test -->
