<?xml version="1.0" encoding="UTF-8"?>
<testng-results ignored="0" total="6" passed="6" failed="0" skipped="0">
  <reporter-output>
  </reporter-output>
  <suite started-at="2022-08-04T14:23:25 IST" name="Suite" finished-at="2022-08-04T14:23:37 IST" duration-ms="12565">
    <groups>
    </groups>
    <test started-at="2022-08-04T14:23:25 IST" name="Test" finished-at="2022-08-04T14:23:37 IST" duration-ms="12565">
      <class name="testCases.ParallelExecution">
        <test-method signature="test2()[pri:0, instance:testCases.ParallelExecution@1da2cb77]" started-at="2022-08-04T14:23:25 IST" name="test2" finished-at="2022-08-04T14:23:34 IST" duration-ms="9368" status="PASS">
          <reporter-output>
          </reporter-output>
        </test-method> <!-- test2 -->
        <test-method signature="test1()[pri:0, instance:testCases.ParallelExecution@1da2cb77]" started-at="2022-08-04T14:23:25 IST" name="test1" finished-at="2022-08-04T14:23:35 IST" duration-ms="9865" status="PASS">
          <reporter-output>
          </reporter-output>
        </test-method> <!-- test1 -->
        <test-method signature="test5()[pri:0, instance:testCases.ParallelExecution@1da2cb77]" started-at="2022-08-04T14:23:25 IST" name="test5" finished-at="2022-08-04T14:23:36 IST" duration-ms="10762" status="PASS">
          <reporter-output>
          </reporter-output>
        </test-method> <!-- test5 -->
        <test-method signature="test3()[pri:0, instance:testCases.ParallelExecution@1da2cb77]" started-at="2022-08-04T14:23:25 IST" name="test3" finished-at="2022-08-04T14:23:34 IST" duration-ms="9134" status="PASS">
          <reporter-output>
          </reporter-output>
        </test-method> <!-- test3 -->
        <test-method signature="test4()[pri:0, instance:testCases.ParallelExecution@1da2cb77]" started-at="2022-08-04T14:23:25 IST" name="test4" finished-at="2022-08-04T14:23:36 IST" duration-ms="10947" status="PASS">
          <reporter-output>
          </reporter-output>
        </test-method> <!-- test4 -->
        <test-method signature="test6()[pri:0, instance:testCases.ParallelExecution@1da2cb77]" started-at="2022-08-04T14:23:25 IST" name="test6" finished-at="2022-08-04T14:23:37 IST" duration-ms="12522" status="PASS">
          <reporter-output>
          </reporter-output>
        </test-method> <!-- test6 -->
      </class> <!-- testCases.ParallelExecution -->
    </test> <!-- Test -->
  </suite> <!-- Suite -->
</testng-results>
